0 info it worked if it ends with ok
1 verbose cli [ 'C:\\Program Files\\nodejs\\node.exe',
1 verbose cli   'C:\\Users\\poojarat\\AppData\\Roaming\\npm\\node_modules\\npm\\bin\\npm-cli.js',
1 verbose cli   'run',
1 verbose cli   'build' ]
2 info using npm@3.5.2
3 info using node@v6.11.1
4 verbose run-script [ 'prebuild', 'build', 'postbuild' ]
5 info lifecycle painting@1.0.0~prebuild: painting@1.0.0
6 silly lifecycle painting@1.0.0~prebuild: no script for prebuild, continuing
7 info lifecycle painting@1.0.0~build: painting@1.0.0
8 verbose lifecycle painting@1.0.0~build: unsafe-perm in lifecycle true
9 verbose lifecycle painting@1.0.0~build: PATH: C:\Users\poojarat\AppData\Roaming\npm\node_modules\npm\bin\node-gyp-bin;C:\Users\poojarat\Desktop\git-repo\Painting\node_modules\.bin;C:\WINDOWS\system32;C:\WINDOWS;C:\WINDOWS\System32\Wbem;C:\WINDOWS\System32\WindowsPowerShell\v1.0\;C:\apache-maven-3.2.3\bin;C:\WINDOWS\system32\config\systemprofile\.dnx\bin;C:\Program Files\Microsoft DNX\Dnvm\;C:\Python27\Scripts\;C:\Program Files\Microsoft SQL Server\110\Tools\Binn\;C:\Program Files (x86)\Microsoft SDKs\TypeScript\1.0\;C:\Program Files\Microsoft SQL Server\120\Tools\Binn\;C:\Program Files\Git\cmd;C:\APS\jdk\jdk1.7.0_51;C:\APS\jdk\jdk1.7.0_51\bin;C:\Program Files\TortoiseGit\bin;C:\Program Files (x86)\Skype\Phone\;%SystemRo;C:\Program Files\nodejs\;C:\Program Files\cURL\bin;C:\Users\poojarat\.windows-build-tools\python27;C:\Users\poojarat\AppData\Roaming\npm\node_modules\npm\bin\node-gyp-bin;C:\Program Files\nodejs\node_modules\windows-build-tools\node_modules\.bin;C:\Program Files\nodejs\node_modules\.bin;C:\WINDOWS\system32;C:\WINDOWS;C:\WINDOWS\System32\Wbem;C:\WINDOWS\System32\WindowsPowerShell\v1.0\;C:\Program Files\Perforce;C:\apache-maven-3.2.3\bin;C:\Users\poojarat\.dnx\bin;C:\Program Files\Microsoft DNX\Dnvm\;C:\Python27\Scripts\;C:\Program Files\Microsoft SQL Server\110\Tools\Binn\;C:\Program Files (x86)\Microsoft SDKs\TypeScript\1.0\;C:\Program Files\Microsoft SQL Server\120\Tools\Binn\;C:\Program Files\Git\cmd;C:\APS\jdk\jdk1.7.0_51;C:\APS\jdk\jdk1.7.0_51\bin;C:\Program Files\TortoiseGit\bin;C:\Program Files (x86)\Skype\Phone\;C:\Program Files (x86)\Brackets\command;%SystemRo;C:\Program Files\nodejs\;C:\Program Files\cURL\bin;C:\Users\poojarat\AppData\Local\Programs\Python\Python36-32\Scripts\;C:\Users\poojarat\AppData\Local\Programs\Python\Python36-32\;C:\APS\Ruby200-x64\bin;C:\APS\NodeJS;C:\APS\NodeJS\node_modules\npm\node_modules\bless\bin;C:\APS\NodeJS\node_modules\npm;C:\Program Files\phantomjs-1.9.8-windows\phantomjs.exe;C:\Program Files\Git\bin;C:\APS\jdk\jdk1.7.0_51\bin;C:\Program Files (x86)\Microsoft VS Code\bin;C:\Users\poojarat\AppData\Roaming\npm;C:\Users\poojarat\AppData\Local\Programs\Fiddler
10 verbose lifecycle painting@1.0.0~build: CWD: C:\Users\poojarat\Desktop\git-repo\Painting
11 silly lifecycle painting@1.0.0~build: Args: [ '/d /s /c', 'webpack -d' ]
12 silly lifecycle painting@1.0.0~build: Returned: code: 1  signal: null
13 info lifecycle painting@1.0.0~build: Failed to exec build script
14 verbose stack Error: painting@1.0.0 build: `webpack -d`
14 verbose stack Exit status 1
14 verbose stack     at EventEmitter.<anonymous> (C:\Users\poojarat\AppData\Roaming\npm\node_modules\npm\lib\utils\lifecycle.js:232:16)
14 verbose stack     at emitTwo (events.js:106:13)
14 verbose stack     at EventEmitter.emit (events.js:191:7)
14 verbose stack     at ChildProcess.<anonymous> (C:\Users\poojarat\AppData\Roaming\npm\node_modules\npm\lib\utils\spawn.js:24:14)
14 verbose stack     at emitTwo (events.js:106:13)
14 verbose stack     at ChildProcess.emit (events.js:191:7)
14 verbose stack     at maybeClose (internal/child_process.js:891:16)
14 verbose stack     at Process.ChildProcess._handle.onexit (internal/child_process.js:226:5)
15 verbose pkgid painting@1.0.0
16 verbose cwd C:\Users\poojarat\Desktop\git-repo\Painting
17 error Windows_NT 10.0.10586
18 error argv "C:\\Program Files\\nodejs\\node.exe" "C:\\Users\\poojarat\\AppData\\Roaming\\npm\\node_modules\\npm\\bin\\npm-cli.js" "run" "build"
19 error node v6.11.1
20 error npm  v3.5.2
21 error code ELIFECYCLE
22 error painting@1.0.0 build: `webpack -d`
22 error Exit status 1
23 error Failed at the painting@1.0.0 build script 'webpack -d'.
23 error Make sure you have the latest version of node.js and npm installed.
23 error If you do, this is most likely a problem with the painting package,
23 error not with npm itself.
23 error Tell the author that this fails on your system:
23 error     webpack -d
23 error You can get information on how to open an issue for this project with:
23 error     npm bugs painting
23 error Or if that isn't available, you can get their info via:
23 error     npm owner ls painting
23 error There is likely additional logging output above.
24 verbose exit [ 1, true ]
